<?xml version="1.0" encoding="UTF-8"?>
<!-- Generated by org.testng.reporters.JUnitReportReporter -->
<testsuite hostname="DESKTOP-EMOO80V" failures="0" tests="3" name="com.groups.NewTest" time="0.023" errors="0" timestamp="2022-06-19T22:39:10 IST" skipped="0">
  <testcase classname="com.groups.NewTest" name="test1" time="0.015"/>
  <system-out/>
  <testcase classname="com.groups.NewTest" name="test3" time="0.004"/>
  <system-out/>
  <testcase classname="com.groups.NewTest" name="test2" time="0.004"/>
  <system-out/>
</testsuite> <!-- com.groups.NewTest -->
