<?xml version="1.0" encoding="UTF-8"?>
<!-- Generated by org.testng.reporters.JUnitReportReporter -->
<testsuite hostname="DESKTOP-EMOO80V" failures="0" tests="1" name="com.groups.NewTest2" time="0.002" errors="0" timestamp="2022-07-28T17:01:11 IST" skipped="0">
  <testcase classname="com.groups.NewTest2" name="test8" time="0.002"/>
  <system-out/>
</testsuite> <!-- com.groups.NewTest2 -->
