<?xml version="1.0" encoding="UTF-8"?>
<!-- Generated by org.testng.reporters.JUnitReportReporter -->
<testsuite hostname="DESKTOP-EMOO80V" failures="0" tests="7" name="testng.orangeHRM" time="64.447" errors="0" timestamp="2022-04-28T12:23:40 IST" skipped="0">
  <testcase classname="testng.orangeHRM" name="LaunchApp" time="11.814"/>
  <system-out/>
  <testcase classname="testng.orangeHRM" name="NavigateToMyInfo" time="4.077"/>
  <system-out/>
  <testcase classname="testng.orangeHRM" name="loginDetails" time="17.737"/>
  <system-out/>
  <testcase classname="testng.orangeHRM" name="VerifyMyinfo" time="0.110"/>
  <system-out/>
  <testcase classname="testng.orangeHRM" name="VerifyLogin" time="0.195"/>
  <system-out/>
  <testcase classname="testng.orangeHRM" name="LaunchApp" time="15.142"/>
  <system-out/>
  <testcase classname="testng.orangeHRM" name="loginDetails" time="15.372"/>
  <system-out/>
</testsuite> <!-- testng.orangeHRM -->
