<?xml version="1.0" encoding="UTF-8"?>
<!-- Generated by org.testng.reporters.JUnitReportReporter -->
<testsuite hostname="DESKTOP-EMOO80V" failures="0" tests="4" name="com.dataProvider.dataTest6" time="0.040" errors="0" timestamp="2022-06-02T22:29:13 IST" skipped="0">
  <testcase classname="com.dataProvider.dataTest6" name="Login" time="0.003"/>
  <system-out/>
  <testcase classname="com.dataProvider.dataTest6" name="Login" time="0.005"/>
  <system-out/>
  <testcase classname="com.dataProvider.dataTest6" name="Login" time="0.018"/>
  <system-out/>
  <testcase classname="com.dataProvider.dataTest6" name="Login" time="0.014"/>
  <system-out/>
</testsuite> <!-- com.dataProvider.dataTest6 -->
