<?xml version="1.0" encoding="UTF-8"?>
<!-- Generated by org.testng.reporters.JUnitReportReporter -->
<testsuite hostname="DESKTOP-EMOO80V" failures="0" tests="1" name="com.demo.TestAtrributes" time="13.542" errors="0" timestamp="2022-05-04T11:48:08 IST" skipped="0">
  <testcase classname="com.demo.TestAtrributes" name="Timeout" time="13.542"/>
  <system-out/>
</testsuite> <!-- com.demo.TestAtrributes -->
