<?xml version="1.0" encoding="UTF-8"?>
<!-- Generated by org.testng.reporters.JUnitReportReporter -->
<testsuite hostname="DESKTOP-EMOO80V" failures="0" tests="2" name="com.dataProvider.dataTest3" time="0.016" errors="0" timestamp="2022-08-18T22:16:26 IST" skipped="0">
  <testcase classname="com.dataProvider.dataTest3" name="Login" time="0.014"/>
  <system-out/>
  <testcase classname="com.dataProvider.dataTest3" name="Login" time="0.002"/>
  <system-out/>
</testsuite> <!-- com.dataProvider.dataTest3 -->
