<?xml version="1.0" encoding="UTF-8"?>
<!-- Generated by org.testng.reporters.JUnitReportReporter -->
<testsuite hostname="DESKTOP-EMOO80V" failures="0" tests="6" name="com.capturescreenshots.cs$testng" time="81.960" errors="0" timestamp="2022-05-07T05:24:04 IST" skipped="0">
  <testcase classname="com.capturescreenshots.cs$testng" name="TestGoogle" time="15.544"/>
  <system-out/>
  <testcase classname="com.capturescreenshots.cs$testng" name="TestFacebook" time="11.874"/>
  <system-out/>
  <testcase classname="com.capturescreenshots.cs$testng" name="TestGoogle" time="12.300"/>
  <system-out/>
  <testcase classname="com.capturescreenshots.cs$testng" name="TestGoogle" time="8.038"/>
  <system-out/>
  <testcase classname="com.capturescreenshots.cs$testng" name="TestFacebook" time="13.482"/>
  <system-out/>
  <testcase classname="com.capturescreenshots.cs$testng" name="TestFacebook" time="20.722"/>
  <system-out/>
</testsuite> <!-- com.capturescreenshots.cs$testng -->
