<?xml version="1.0" encoding="UTF-8"?>
<!-- Generated by org.testng.reporters.JUnitReportReporter -->
<testsuite hostname="DESKTOP-EMOO80V" failures="0" tests="2" name="com.dataProvider.dataTest5" time="0.017" errors="0" timestamp="2022-07-24T23:05:02 IST" skipped="0">
  <testcase classname="com.dataProvider.dataTest5" name="Login" time="0.003"/>
  <system-out/>
  <testcase classname="com.dataProvider.dataTest5" name="Login" time="0.014"/>
  <system-out/>
</testsuite> <!-- com.dataProvider.dataTest5 -->
