<?xml version="1.0" encoding="UTF-8"?>
<!-- Generated by org.testng.reporters.JUnitReportReporter -->
<testsuite hostname="DESKTOP-EMOO80V" failures="0" tests="3" name="com.demo.NewTest2" time="0.006" errors="0" timestamp="2022-05-09T08:46:58 IST" skipped="0">
  <testcase classname="com.demo.NewTest2" name="test4" time="0.001"/>
  <system-out/>
  <testcase classname="com.demo.NewTest2" name="test6" time="0.002"/>
  <system-out/>
  <testcase classname="com.demo.NewTest2" name="test5" time="0.003"/>
  <system-out/>
</testsuite> <!-- com.demo.NewTest2 -->
