<?xml version="1.0" encoding="UTF-8"?>
<!-- Generated by org.testng.reporters.JUnitReportReporter -->
<testsuite hostname="DESKTOP-EMOO80V" failures="0" tests="8" name="com.dependencies.TestGroupDependent" time="0.030" errors="0" timestamp="2022-06-19T22:39:40 IST" skipped="0">
  <testcase classname="com.dependencies.TestGroupDependent" name="Test1" time="0.014"/>
  <system-out/>
  <testcase classname="com.dependencies.TestGroupDependent" name="Test3" time="0.002"/>
  <system-out/>
  <testcase classname="com.dependencies.TestGroupDependent" name="Test8" time="0.002"/>
  <system-out/>
  <testcase classname="com.dependencies.TestGroupDependent" name="Test2" time="0.002"/>
  <system-out/>
  <testcase classname="com.dependencies.TestGroupDependent" name="Test4" time="0.001"/>
  <system-out/>
  <testcase classname="com.dependencies.TestGroupDependent" name="Test7" time="0.004"/>
  <system-out/>
  <testcase classname="com.dependencies.TestGroupDependent" name="Test5" time="0.002"/>
  <system-out/>
  <testcase classname="com.dependencies.TestGroupDependent" name="Test6" time="0.003"/>
  <system-out/>
</testsuite> <!-- com.dependencies.TestGroupDependent -->
