<?xml version="1.0" encoding="UTF-8"?>
<!-- Generated by org.testng.reporters.JUnitReportReporter -->
<testsuite hostname="DESKTOP-EMOO80V" failures="0" tests="4" name="com.parallel.TestClass3" time="0.046" errors="0" timestamp="2022-07-28T12:59:13 IST" skipped="0">
  <testcase classname="com.parallel.TestClass3" name="TestMethod8" time="0.016"/>
  <system-out/>
  <testcase classname="com.parallel.TestClass3" name="TestMethod11" time="0.003"/>
  <system-out/>
  <testcase classname="com.parallel.TestClass3" name="TestMethod10" time="0.016"/>
  <system-out/>
  <testcase classname="com.parallel.TestClass3" name="TestMethod9" time="0.011"/>
  <system-out/>
</testsuite> <!-- com.parallel.TestClass3 -->
