<?xml version="1.0" encoding="UTF-8"?>
<!-- Generated by org.testng.reporters.JUnitReportReporter -->
<testsuite hostname="DESKTOP-EMOO80V" failures="0" tests="5" name="com.groups.NewTest2" time="0.025" errors="0" timestamp="2022-06-19T22:39:10 IST" skipped="0">
  <testcase classname="com.groups.NewTest2" name="test5" time="0.006"/>
  <system-out/>
  <testcase classname="com.groups.NewTest2" name="test7" time="0.004"/>
  <system-out/>
  <testcase classname="com.groups.NewTest2" name="test4" time="0.010"/>
  <system-out/>
  <testcase classname="com.groups.NewTest2" name="test8" time="0.002"/>
  <system-out/>
  <testcase classname="com.groups.NewTest2" name="test6" time="0.003"/>
  <system-out/>
</testsuite> <!-- com.groups.NewTest2 -->
