<?xml version="1.0" encoding="UTF-8"?>
<!-- Generated by org.testng.reporters.JUnitReportReporter -->
<testsuite hostname="DESKTOP-EMOO80V" failures="0" tests="1" name="testng.testng" time="82.894" errors="0" timestamp="2022-05-08T12:09:01 IST" skipped="0">
  <testcase classname="testng.testng" name="TestGoogle" time="82.894"/>
  <system-out/>
</testsuite> <!-- testng.testng -->
