<?xml version="1.0" encoding="UTF-8"?>
<!-- Generated by org.testng.reporters.JUnitReportReporter -->
<testsuite hostname="DESKTOP-EMOO80V" failures="0" tests="5" name="com.parallel.TestClass1" time="0.043" errors="0" timestamp="2022-07-28T12:59:13 IST" skipped="0">
  <testcase classname="com.parallel.TestClass1" name="TestMethod4" time="0.005"/>
  <system-out/>
  <testcase classname="com.parallel.TestClass1" name="TestMethod4A" time="0.006"/>
  <system-out/>
  <testcase classname="com.parallel.TestClass1" name="TestMethod2" time="0.012"/>
  <system-out/>
  <testcase classname="com.parallel.TestClass1" name="TestMethod3" time="0.004"/>
  <system-out/>
  <testcase classname="com.parallel.TestClass1" name="TestMethod1" time="0.016"/>
  <system-out/>
</testsuite> <!-- com.parallel.TestClass1 -->
