<?xml version="1.0" encoding="UTF-8"?>
<!-- Generated by org.testng.reporters.JUnitReportReporter -->
<testsuite hostname="DESKTOP-EMOO80V" failures="0" tests="3" name="com.demo.NewTest" time="0.018" errors="0" timestamp="2022-06-19T18:34:25 IST" skipped="1">
  <testcase classname="com.demo.NewTest" name="test3" time="0.002"/>
  <system-out/>
  <testcase classname="com.demo.NewTest" name="test1" time="0.016"/>
  <system-out/>
  <testcase classname="com.demo.NewTest" name="test2">
    <skipped/>
  </testcase> <!-- test2 -->
  <system-out/>
</testsuite> <!-- com.demo.NewTest -->
