<?xml version="1.0" encoding="UTF-8"?>
<!-- Generated by org.testng.reporters.JUnitReportReporter -->
<testsuite hostname="DESKTOP-EMOO80V" failures="0" tests="2" name="testng.Annotation" time="0.021" errors="0" timestamp="2022-07-24T11:18:37 IST" skipped="0">
  <testcase classname="testng.Annotation" name="testMethod1" time="0.015"/>
  <system-out/>
  <testcase classname="testng.Annotation" name="testMethod2" time="0.006"/>
  <system-out/>
</testsuite> <!-- testng.Annotation -->
