<?xml version="1.0" encoding="UTF-8"?>
<!-- Generated by org.testng.reporters.JUnitReportReporter -->
<testsuite hostname="DESKTOP-EMOO80V" failures="0" tests="1" name="com.javaStreams.javaStreams" time="0.019" errors="0" timestamp="2022-07-29T17:16:06 IST" skipped="0">
  <testcase classname="com.javaStreams.javaStreams" name="intStream" time="0.019"/>
  <system-out/>
</testsuite> <!-- com.javaStreams.javaStreams -->
