<?xml version="1.0" encoding="UTF-8"?>
<!-- Generated by org.testng.reporters.JUnitReportReporter -->
<testsuite hostname="DESKTOP-EMOO80V" failures="0" tests="2" name="testng.Annotation" time="0.034" errors="0" timestamp="2022-06-19T18:13:01 IST" skipped="0">
  <testcase classname="testng.Annotation" name="testMethod1" time="0.026"/>
  <system-out/>
  <testcase classname="testng.Annotation" name="testMethod2" time="0.008"/>
  <system-out/>
</testsuite> <!-- testng.Annotation -->
