<?xml version="1.0" encoding="UTF-8"?>
<!-- Generated by org.testng.reporters.JUnitReportReporter -->
<testsuite hostname="DESKTOP-EMOO80V" failures="0" tests="3" name="com.dependencies.Testdependent" time="0.017" errors="0" timestamp="2022-07-24T17:25:49 IST" skipped="0">
  <testcase classname="com.dependencies.Testdependent" name="trackShipement" time="0.002"/>
  <system-out/>
  <testcase classname="com.dependencies.Testdependent" name="cancelShipement" time="0.002"/>
  <system-out/>
  <testcase classname="com.dependencies.Testdependent" name="createShipement" time="0.013"/>
  <system-out/>
</testsuite> <!-- com.dependencies.Testdependent -->
