<?xml version="1.0" encoding="UTF-8"?>
<!-- Generated by org.testng.reporters.JUnitReportReporter -->
<testsuite hostname="DESKTOP-EMOO80V" failures="0" tests="2" name="com.groups.NewTest" time="0.019" errors="0" timestamp="2022-07-28T17:01:11 IST" skipped="0">
  <testcase classname="com.groups.NewTest" name="test1" time="0.016"/>
  <system-out/>
  <testcase classname="com.groups.NewTest" name="test2" time="0.003"/>
  <system-out/>
</testsuite> <!-- com.groups.NewTest -->
