<?xml version="1.0" encoding="UTF-8"?>
<!-- Generated by org.testng.reporters.JUnitReportReporter -->
<testsuite hostname="DESKTOP-EMOO80V" failures="0" tests="4" name="com.parallel.TestClass4" time="0.011" errors="0" timestamp="2022-06-19T23:47:56 IST" skipped="0">
  <testcase classname="com.parallel.TestClass4" name="TestMethod14" time="0.004"/>
  <system-out/>
  <testcase classname="com.parallel.TestClass4" name="TestMethod12" time="0.002"/>
  <system-out/>
  <testcase classname="com.parallel.TestClass4" name="TestMethod13" time="0.003"/>
  <system-out/>
  <testcase classname="com.parallel.TestClass4" name="TestMethod15" time="0.002"/>
  <system-out/>
</testsuite> <!-- com.parallel.TestClass4 -->
