<?xml version="1.0" encoding="UTF-8"?>
<!-- Generated by org.testng.reporters.JUnitReportReporter -->
<testsuite hostname="DESKTOP-EMOO80V" failures="0" tests="1" name="com.dataProvider.excelTest" time="0.000" errors="0" timestamp="2022-07-19T11:43:16 IST" skipped="1">
  <testcase classname="com.dataProvider.excelTest" name="Login" time="0.000">
    <skipped/>
  </testcase> <!-- Login -->
  <system-out/>
</testsuite> <!-- com.dataProvider.excelTest -->
