<?xml version="1.0" encoding="UTF-8"?>
<!-- Generated by org.testng.reporters.JUnitReportReporter -->
<testsuite hostname="DESKTOP-EMOO80V" failures="0" tests="1" name="com.pom.registerTest" time="58.757" errors="0" timestamp="2022-05-01T00:18:48 IST" skipped="0">
  <testcase classname="com.pom.registerTest" name="verifyFlightReg" time="58.757"/>
  <system-out/>
</testsuite> <!-- com.pom.registerTest -->
