<?xml version="1.0" encoding="UTF-8"?>
<!-- Generated by org.testng.reporters.JUnitReportReporter -->
<testsuite hostname="DESKTOP-EMOO80V" failures="0" tests="6" name="testng.FlightBook" time="0.032" errors="0" timestamp="2022-06-19T18:29:22 IST" skipped="0">
  <testcase classname="testng.FlightBook" name="signUp" time="0.014"/>
  <system-out/>
  <testcase classname="testng.FlightBook" name="login" time="0.004"/>
  <system-out/>
  <testcase classname="testng.FlightBook" name="searchForFlight" time="0.002"/>
  <system-out/>
  <testcase classname="testng.FlightBook" name="bookTheFlight" time="0.005"/>
  <system-out/>
  <testcase classname="testng.FlightBook" name="saveTheTicket" time="0.004"/>
  <system-out/>
  <testcase classname="testng.FlightBook" name="logout" time="0.003"/>
  <system-out/>
</testsuite> <!-- testng.FlightBook -->
