<?xml version="1.0" encoding="UTF-8"?>
<!-- Generated by org.testng.reporters.JUnitReportReporter -->
<testsuite hostname="DESKTOP-EMOO80V" failures="0" tests="4" name="com.dataProvider.dataTest6" time="0.019" errors="0" timestamp="2022-08-18T22:23:02 IST" skipped="0">
  <testcase classname="com.dataProvider.dataTest6" name="Login" time="0.003"/>
  <system-out/>
  <testcase classname="com.dataProvider.dataTest6" name="Login" time="0.002"/>
  <system-out/>
  <testcase classname="com.dataProvider.dataTest6" name="Login" time="0.003"/>
  <system-out/>
  <testcase classname="com.dataProvider.dataTest6" name="Login" time="0.011"/>
  <system-out/>
</testsuite> <!-- com.dataProvider.dataTest6 -->
