<?xml version="1.0" encoding="UTF-8"?>
<!-- Generated by org.testng.reporters.JUnitReportReporter -->
<testsuite hostname="DESKTOP-EMOO80V" failures="0" tests="4" name="com.demo.TestAtrributes2" time="132.813" errors="0" timestamp="2022-06-19T23:23:56 IST" skipped="0">
  <testcase classname="com.demo.TestAtrributes2" name="Testing" time="33.670"/>
  <system-out/>
  <testcase classname="com.demo.TestAtrributes2" name="Testing" time="31.478"/>
  <system-out/>
  <testcase classname="com.demo.TestAtrributes2" name="Testing" time="34.919"/>
  <system-out/>
  <testcase classname="com.demo.TestAtrributes2" name="Testing" time="32.746"/>
  <system-out/>
</testsuite> <!-- com.demo.TestAtrributes2 -->
