<?xml version="1.0" encoding="UTF-8"?>
<!-- Generated by org.testng.reporters.JUnitReportReporter -->
<testsuite hostname="DESKTOP-EMOO80V" failures="0" tests="2" name="com.dataProvider.dataTest4" time="0.013" errors="0" timestamp="2022-06-19T13:30:34 IST" skipped="0">
  <testcase classname="com.dataProvider.dataTest4" name="login" time="0.011"/>
  <system-out/>
  <testcase classname="com.dataProvider.dataTest4" name="login" time="0.002"/>
  <system-out/>
</testsuite> <!-- com.dataProvider.dataTest4 -->
