<?xml version="1.0" encoding="UTF-8"?>
<!-- Generated by org.testng.reporters.JUnitReportReporter -->
<testsuite hostname="DESKTOP-EMOO80V" failures="0" tests="4" name="com.dataProvider.dataTest6" time="0.108" errors="0" timestamp="2022-07-28T09:50:06 IST" skipped="0">
  <testcase classname="com.dataProvider.dataTest6" name="Login" time="0.003"/>
  <system-out/>
  <testcase classname="com.dataProvider.dataTest6" name="Login" time="0.002"/>
  <system-out/>
  <testcase classname="com.dataProvider.dataTest6" name="Login" time="0.004"/>
  <system-out/>
  <testcase classname="com.dataProvider.dataTest6" name="Login" time="0.099"/>
  <system-out/>
</testsuite> <!-- com.dataProvider.dataTest6 -->
