<?xml version="1.0" encoding="UTF-8"?>
<!-- Generated by org.testng.reporters.JUnitReportReporter -->
<testsuite hostname="DESKTOP-EMOO80V" failures="0" tests="3" name="com.parallel.TestClass2" time="0.008" errors="0" timestamp="2022-06-19T23:47:56 IST" skipped="0">
  <testcase classname="com.parallel.TestClass2" name="TestMethod7" time="0.003"/>
  <system-out/>
  <testcase classname="com.parallel.TestClass2" name="TestMethod5" time="0.002"/>
  <system-out/>
  <testcase classname="com.parallel.TestClass2" name="TestMethod6" time="0.003"/>
  <system-out/>
</testsuite> <!-- com.parallel.TestClass2 -->
