<?xml version="1.0" encoding="UTF-8"?>
<!-- Generated by org.testng.reporters.JUnitReportReporter -->
<testsuite hostname="DESKTOP-EMOO80V" failures="0" tests="2" name="com.dataProvider.dataTest5" time="0.016" errors="0" timestamp="2022-06-19T13:41:45 IST" skipped="0">
  <testcase classname="com.dataProvider.dataTest5" name="Login" time="0.004"/>
  <system-out/>
  <testcase classname="com.dataProvider.dataTest5" name="Login" time="0.012"/>
  <system-out/>
</testsuite> <!-- com.dataProvider.dataTest5 -->
