<?xml version="1.0" encoding="UTF-8"?>
<!-- Generated by org.testng.reporters.JUnitReportReporter -->
<testsuite hostname="DESKTOP-EMOO80V" failures="0" tests="1" name="com.javaStreams.javaStream1" time="0.021" errors="0" timestamp="2022-08-27T11:56:44 IST" skipped="0">
  <testcase classname="com.javaStreams.javaStream1" name="sorted" time="0.021"/>
  <system-out/>
</testsuite> <!-- com.javaStreams.javaStream1 -->
