<?xml version="1.0" encoding="UTF-8"?>
<!-- Generated by org.testng.reporters.JUnitReportReporter -->
<testsuite hostname="DESKTOP-EMOO80V" failures="0" tests="4" name="com.parallel.TestClass1" time="0.020" errors="0" timestamp="2022-06-19T23:47:56 IST" skipped="0">
  <testcase classname="com.parallel.TestClass1" name="TestMethod2" time="0.003"/>
  <system-out/>
  <testcase classname="com.parallel.TestClass1" name="TestMethod1" time="0.015"/>
  <system-out/>
  <testcase classname="com.parallel.TestClass1" name="TestMethod3" time="0.001"/>
  <system-out/>
  <testcase classname="com.parallel.TestClass1" name="TestMethod4" time="0.001"/>
  <system-out/>
</testsuite> <!-- com.parallel.TestClass1 -->
